             GAJOE  Version 1.3
            Ensemble optimization
 Experimental data file name ............................ : PARna.dat
 Intensities file name .................................. : _X00.int
 Master file was used for this construct
 --Advanced mode--
 Number of generations .................................. : 1000
 Number of ensembles .................................... : 50
 Number of curves per ensemble .......................... : 20
 Maximum number of mutations per ensemble ............... : 10
 Number of crossings per generation ..................... : 20
 Number of cycles ....................................... : 50
 Repetitions allowed
 Convergence file is created
 Analysis files will be created
                       Number of theoretical curves :  2066
 Start:  Wed Apr 19 10:23:01 2023
 End:    Wed Apr 19 10:23:39 2023
 Files created:                                                                           
 Log file ............................................... :                      GA001.log
 File containing the selection frequency of each model... :              best_curve001.txt
 Fit to the experimental data ........................... :           profilesPARna001.fit
 Chi convergence ........................................ :             convergence001.txt
 File showing the best ten ensembles of each cycle ...... :          selected_ensem001.txt
 Files in the pdb folder:                                                                 
 Filename                 Rg   Max.Size                                                   
 9_X.pdb                 0.00     0.00
 15_X.pdb                0.00     0.00
 61_X.pdb                0.00     0.00
 125_X.pdb               0.00     0.00
 178_X.pdb               0.00     0.00
 395_X.pdb               0.00     0.00
 513_X.pdb               0.00     0.00
 530_X.pdb               0.00     0.00
 541_X.pdb               0.00     0.00
 596_X.pdb               0.00     0.00
 603_X.pdb               0.00     0.00
 673_X.pdb               0.00     0.00
 686_X.pdb               0.00     0.00
 733_X.pdb               0.00     0.00
 738_X.pdb               0.00     0.00
 750_X.pdb               0.00     0.00
 838_X.pdb               0.00     0.00
 840_X.pdb               0.00     0.00
 863_X.pdb               0.00     0.00
 No Size_list file was found for construct  PARna
